<?xml version="1.0" encoding="UTF-8"?>
<!-- Generated by org.testng.reporters.JUnitReportReporter -->
<testsuite hostname="DESKTOP-FPFPIJS" failures="0" tests="1" name="script.Test2" time="58.884" errors="0" timestamp="2025-05-30T00:50:34 IST" skipped="0">
  <testcase classname="script.Test2" name="test1" time="58.884"/>
  <system-out>
    <![CDATA[Cart is empty]]>
  </system-out>
</testsuite> <!-- script.Test2 -->
