<?xml version="1.0" encoding="UTF-8"?>
<!-- Generated by org.testng.reporters.JUnitReportReporter -->
<testsuite hostname="DESKTOP-FPFPIJS" failures="0" tests="1" name="script.ValidLogin" time="16.531" errors="0" timestamp="2025-05-27T22:32:00 IST" skipped="0">
  <testcase classname="script.ValidLogin" name="loginTest" time="16.531"/>
  <system-out/>
</testsuite> <!-- script.ValidLogin -->
